[debug] [2022-04-30T01:06:25.319Z] ----------------------------------------------------------------------
[debug] [2022-04-30T01:06:25.320Z] Command:       /usr/local/bin/firebase /Users/amoreirath/.cache/firebase/tools/lib/node_modules/firebase-tools/lib/bin/firebase init
[debug] [2022-04-30T01:06:25.321Z] CLI Version:   10.0.1
[debug] [2022-04-30T01:06:25.321Z] Platform:      darwin
[debug] [2022-04-30T01:06:25.321Z] Node Version:  v12.18.1
[debug] [2022-04-30T01:06:25.322Z] Time:          Fri Apr 29 2022 22:06:25 GMT-0300 (Brasilia Standard Time)
[debug] [2022-04-30T01:06:25.322Z] ----------------------------------------------------------------------
[debug] 
[debug] [2022-04-30T01:06:25.323Z] >>> [apiv2][query] GET https://firebase-public.firebaseio.com/cli.json [none]
[debug] [2022-04-30T01:06:25.332Z] > command requires scopes: ["email","openid","https://www.googleapis.com/auth/cloudplatformprojects.readonly","https://www.googleapis.com/auth/firebase","https://www.googleapis.com/auth/cloud-platform"]
[debug] [2022-04-30T01:06:25.332Z] > authorizing via signed-in user (thmoreiralab@gmail.com)
[info] 
     ######## #### ########  ######## ########     ###     ######  ########
     ##        ##  ##     ## ##       ##     ##  ##   ##  ##       ##
     ######    ##  ########  ######   ########  #########  ######  ######
     ##        ##  ##    ##  ##       ##     ## ##     ##       ## ##
     ##       #### ##     ## ######## ########  ##     ##  ######  ########

You're about to initialize a Firebase project in this directory:

  /Users/amoreirath/zero/react/thmoreiralab

[debug] [2022-04-30T01:06:25.780Z] <<< [apiv2][status] GET https://firebase-public.firebaseio.com/cli.json 200
[debug] [2022-04-30T01:06:25.781Z] <<< [apiv2][body] GET https://firebase-public.firebaseio.com/cli.json {"cloudBuildErrorAfter":1594252800000,"cloudBuildWarnAfter":1590019200000,"defaultNode10After":1594252800000,"minVersion":"3.0.5","node8DeploysDisabledAfter":1613390400000,"node8RuntimeDisabledAfter":1615809600000,"node8WarnAfter":1600128000000}
